<?xml version="1.0" encoding="UTF-8"?>
<?xml-stylesheet type="text/xsl" href="ivy-report.xsl"?>
<ivy-report version="1.0">
	<info
		organisation="default"
		module="default-1b55fb"
		revision="0.1-SNAPSHOT"
		extra-sbtVersion="0.12"
		extra-scalaVersion="2.9.2"
		conf="test"
		confs="compile, runtime, test, provided, optional, compile-internal, runtime-internal, test-internal, plugin, sources, docs, pom"
		date="20140205201641"/>
	<dependencies>
		<module organisation="default" name="default-c94fb9">
			<revision name="0.0" status="integration" pubdate="20140205201637" resolver="inter-project" artresolver="inter-project" extra-sbtVersion="0.12" extra-scalaVersion="2.9.2" downloaded="false" searched="false" default="false" conf="default(compile), compile" position="0">
				<metadata-artifact status="failed" details="" size="0" time="0" searched="false"/>
				<caller organisation="default" name="default-1b55fb" conf="test, compile, runtime" rev="0.0" rev-constraint-default="0.0" rev-constraint-dynamic="0.0" callerrev="0.1-SNAPSHOT" extra-sbtVersion="0.12" extra-scalaVersion="2.9.2"/>
				<artifacts>
				</artifacts>
			</revision>
		</module>
		<module organisation="com.github.mpeltonen" name="sbt-idea">
			<revision name="1.5.1" status="release" pubdate="20130728073403" resolver="sbt-chain" artresolver="sbt-chain" homepage="http://your.project.url" extra-sbtVersion="0.12" extra-scalaVersion="2.9.2" downloaded="false" searched="false" default="false" conf="default(compile), default, compile, runtime, master" position="2">
				<license name="BSD-style" url="http://www.opensource.org/licenses/BSD-3-Clause"/>
				<metadata-artifact status="no" details="" size="3814" time="0" location="/Users/quintonanderson/.ivy2/cache/scala_2.9.2/sbt_0.12/com.github.mpeltonen/sbt-idea/ivy-1.5.1.xml" searched="false" origin-is-local="false" origin-location="http://maven.gm.dev.cba:8081/content/groups/public/com/github/mpeltonen/sbt-idea_2.9.2_0.12/1.5.1/sbt-idea-1.5.1.pom"/>
				<caller organisation="default" name="default-c94fb9" conf="compile" rev="1.5.1" rev-constraint-default="1.5.1" rev-constraint-dynamic="1.5.1" callerrev="0.0" extra-sbtVersion="0.12" extra-scalaVersion="2.9.2"/>
				<artifacts>
					<artifact name="sbt-idea" type="jar" ext="jar" status="no" details="" size="366479" time="0" location="/Users/quintonanderson/.ivy2/cache/scala_2.9.2/sbt_0.12/com.github.mpeltonen/sbt-idea/jars/sbt-idea-1.5.1.jar">
						<origin-location is-local="false" location="http://maven.gm.dev.cba:8081/content/groups/public/com/github/mpeltonen/sbt-idea_2.9.2_0.12/1.5.1/sbt-idea-1.5.1.jar"/>
					</artifact>
				</artifacts>
			</revision>
		</module>
		<module organisation="commons-io" name="commons-io">
			<revision name="2.0.1" status="release" pubdate="20101227041931" resolver="sbt-chain" artresolver="sbt-chain" homepage="http://commons.apache.org/io/" downloaded="false" searched="false" default="false" conf="compile, master(*), runtime, compile(*), runtime(*), master" position="3">
				<metadata-artifact status="no" details="" size="6238" time="0" location="/Users/quintonanderson/.ivy2/cache/commons-io/commons-io/ivy-2.0.1.xml" searched="false" origin-is-local="false" origin-location="http://maven.gm.dev.cba:8081/content/groups/public/commons-io/commons-io/2.0.1/commons-io-2.0.1.pom"/>
				<caller organisation="com.github.mpeltonen" name="sbt-idea" conf="default, compile, runtime, master" rev="2.0.1" rev-constraint-default="2.0.1" rev-constraint-dynamic="2.0.1" callerrev="1.5.1"/>
				<artifacts>
					<artifact name="commons-io" type="jar" ext="jar" status="no" details="" size="159509" time="0" location="/Users/quintonanderson/.ivy2/cache/commons-io/commons-io/jars/commons-io-2.0.1.jar">
						<origin-location is-local="false" location="http://maven.gm.dev.cba:8081/content/groups/public/commons-io/commons-io/2.0.1/commons-io-2.0.1.jar"/>
					</artifact>
				</artifacts>
			</revision>
		</module>
		<module organisation="me.lessis" name="np">
			<revision name="0.2.0" status="release" pubdate="20120612021640" resolver="sbt-chain" artresolver="sbt-chain" homepage="https://github.com/softprops/np" extra-sbtVersion="0.12" extra-scalaVersion="2.9.2" downloaded="false" searched="false" default="false" conf="default(compile), compile" position="1">
				<license name="MIT" url="https://github.com/softprops/np/blob/0.2.0/LICENSE"/>
				<metadata-artifact status="no" details="" size="1919" time="0" location="/Users/quintonanderson/.ivy2/cache/scala_2.9.2/sbt_0.12/me.lessis/np/ivy-0.2.0.xml" searched="false" origin-is-local="false" origin-location="http://scalasbt.artifactoryonline.com/scalasbt/sbt-plugin-releases/me.lessis/np/scala_2.9.2/sbt_0.12/0.2.0/ivys/ivy.xml"/>
				<caller organisation="default" name="default-c94fb9" conf="compile" rev="0.2.0" rev-constraint-default="0.2.0" rev-constraint-dynamic="0.2.0" callerrev="0.0" extra-sbtVersion="0.12" extra-scalaVersion="2.9.2"/>
				<artifacts>
					<artifact name="np" type="jar" ext="jar" status="no" details="" size="46797" time="0" location="/Users/quintonanderson/.ivy2/cache/scala_2.9.2/sbt_0.12/me.lessis/np/jars/np-0.2.0.jar">
						<origin-location is-local="false" location="http://scalasbt.artifactoryonline.com/scalasbt/sbt-plugin-releases/me.lessis/np/scala_2.9.2/sbt_0.12/0.2.0/jars/np.jar"/>
					</artifact>
				</artifacts>
			</revision>
		</module>
		<module organisation="com.eed3si9n" name="sbt-assembly">
			<revision name="0.10.2" error="not found" extra-sbtVersion="0.12" extra-scalaVersion="2.9.2" downloaded="false" searched="false" conf="default(compile)" position="-1">
				<caller organisation="default" name="default-1b55fb" conf="test, compile, runtime" rev="0.10.2" rev-constraint-default="0.10.2" rev-constraint-dynamic="0.10.2" callerrev="0.1-SNAPSHOT" extra-sbtVersion="0.12" extra-scalaVersion="2.9.2"/>
				<artifacts>
				</artifacts>
			</revision>
		</module>
	</dependencies>
</ivy-report>
